<?xml version="1.0" encoding="UTF-8"?>
<!-- Generated by org.testng.reporters.JUnitXMLReporter -->
<testsuite ignored="0" hostname="DESKTOP-RHIG6R02" failures="1" tests="2" name="Sprint1" time="36.522" errors="0" timestamp="2022-12-12T19:25:14 IST">
  <testcase classname="tesngTest.TestNGBasics" name="failTC" time="0.046">
    <failure type="java.lang.AssertionError" message="expected [true] but found [false]">
      <![CDATA[java.lang.AssertionError: expected [true] but found [false]
at tesngTest.TestNGBasics.failTC(TestNGBasics.java:38)
at java.base/java.util.ArrayList.forEach(ArrayList.java:1511)
... Removed 31 stack frames]]>
    </failure>
  </testcase> <!-- failTC -->
  <testcase classname="tesngTest.TestNGBasics" name="login" time="24.435"/>
</testsuite> <!-- Sprint1 -->
